====================================
SLURM JOB STARTED
Job ID: 1836624
Node: compute-2-06
Start time: Mon 23 Feb 2026 07:59:42 PM EST
====================================
Saved tables to metacal_results.fits
Shear Bias results for 100000 objects
m = (-3.553 ± 1.963) × 10⁻³
c = (2.336 ± 1.033) × 10⁻³
====================================
Job finished at: Mon 23 Feb 2026 08:10:30 PM EST
Total runtime: 00:10:47 (HH:MM:SS)
====================================
Job ID: 1836624
Cluster: slurm
User/Group: adfield/adfield
State: COMPLETED (exit code 0)
Nodes: 1
Cores per node: 18
CPU Utilized: 02:57:57
CPU Efficiency: 91.54% of 03:14:24 core-walltime
Job Wall-clock time: 00:10:48
Memory Utilized: 19.85 GB
Memory Efficiency: 41.35% of 48.00 GB
